2014-03-01 14:03:24,501 - ResourceManager : found add.vm with loader org.apache.velocity.runtime.resource.loader.ClasspathResourceLoader
2014-03-01 14:03:24,515 - ResourceManager : found set.vm with loader org.apache.velocity.runtime.resource.loader.ClasspathResourceLoader
2014-03-01 14:03:24,542 - ResourceManager : found remove.vm with loader org.apache.velocity.runtime.resource.loader.ClasspathResourceLoader
2014-03-01 14:03:24,548 - ResourceManager : found removeall.vm with loader org.apache.velocity.runtime.resource.loader.ClasspathResourceLoader
2014-03-01 14:03:24,582 - ResourceManager : found get.vm with loader org.apache.velocity.runtime.resource.loader.ClasspathResourceLoader
2014-03-01 14:03:24,586 - Null reference [template 'get.vm', line 235, column 38] : $type cannot be resolved.
2014-03-01 14:03:24,586 - Null reference [template 'get.vm', line 247, column 35] : $type cannot be resolved.
2014-03-01 14:03:24,587 - Null reference [template 'get.vm', line 257, column 38] : $type cannot be resolved.
2014-03-01 14:03:24,587 - Null reference [template 'get.vm', line 267, column 35] : $type cannot be resolved.
2014-03-01 14:03:24,604 - ResourceManager : found add.vm with loader org.apache.velocity.runtime.resource.loader.ClasspathResourceLoader
2014-03-01 14:03:24,614 - ResourceManager : found set.vm with loader org.apache.velocity.runtime.resource.loader.ClasspathResourceLoader
2014-03-01 14:03:24,635 - ResourceManager : found remove.vm with loader org.apache.velocity.runtime.resource.loader.ClasspathResourceLoader
2014-03-01 14:03:24,644 - ResourceManager : found removeall.vm with loader org.apache.velocity.runtime.resource.loader.ClasspathResourceLoader
2014-03-01 14:03:24,700 - ResourceManager : found get.vm with loader org.apache.velocity.runtime.resource.loader.ClasspathResourceLoader
2014-03-01 14:03:24,702 - Null reference [template 'get.vm', line 235, column 38] : $type cannot be resolved.
2014-03-01 14:03:24,703 - Null reference [template 'get.vm', line 247, column 35] : $type cannot be resolved.
2014-03-01 14:03:24,703 - Null reference [template 'get.vm', line 257, column 38] : $type cannot be resolved.
2014-03-01 14:03:24,703 - Null reference [template 'get.vm', line 267, column 35] : $type cannot be resolved.
2014-03-01 14:03:24,719 - ResourceManager : found add.vm with loader org.apache.velocity.runtime.resource.loader.ClasspathResourceLoader
2014-03-01 14:03:24,784 - ResourceManager : found set.vm with loader org.apache.velocity.runtime.resource.loader.ClasspathResourceLoader
2014-03-01 14:03:24,812 - ResourceManager : found remove.vm with loader org.apache.velocity.runtime.resource.loader.ClasspathResourceLoader
2014-03-01 14:03:24,816 - ResourceManager : found removeall.vm with loader org.apache.velocity.runtime.resource.loader.ClasspathResourceLoader
2014-03-01 14:03:24,871 - ResourceManager : found get.vm with loader org.apache.velocity.runtime.resource.loader.ClasspathResourceLoader
2014-03-01 14:03:24,879 - Null reference [template 'get.vm', line 235, column 38] : $type cannot be resolved.
2014-03-01 14:03:24,880 - Null reference [template 'get.vm', line 247, column 35] : $type cannot be resolved.
2014-03-01 14:03:24,885 - Null reference [template 'get.vm', line 257, column 38] : $type cannot be resolved.
2014-03-01 14:03:24,885 - Null reference [template 'get.vm', line 267, column 35] : $type cannot be resolved.
2014-03-01 14:03:24,912 - ResourceManager : found add.vm with loader org.apache.velocity.runtime.resource.loader.ClasspathResourceLoader
2014-03-01 14:03:24,924 - ResourceManager : found set.vm with loader org.apache.velocity.runtime.resource.loader.ClasspathResourceLoader
2014-03-01 14:03:24,966 - ResourceManager : found remove.vm with loader org.apache.velocity.runtime.resource.loader.ClasspathResourceLoader
2014-03-01 14:03:24,982 - ResourceManager : found removeall.vm with loader org.apache.velocity.runtime.resource.loader.ClasspathResourceLoader
2014-03-01 14:03:25,038 - ResourceManager : found get.vm with loader org.apache.velocity.runtime.resource.loader.ClasspathResourceLoader
2014-03-01 14:03:25,060 - Null reference [template 'get.vm', line 235, column 38] : $type cannot be resolved.
2014-03-01 14:03:25,060 - Null reference [template 'get.vm', line 247, column 35] : $type cannot be resolved.
2014-03-01 14:03:25,065 - Null reference [template 'get.vm', line 257, column 38] : $type cannot be resolved.
2014-03-01 14:03:25,066 - Null reference [template 'get.vm', line 267, column 35] : $type cannot be resolved.
2014-03-01 14:03:25,091 - ResourceManager : found add.vm with loader org.apache.velocity.runtime.resource.loader.ClasspathResourceLoader
2014-03-01 14:03:25,107 - ResourceManager : found set.vm with loader org.apache.velocity.runtime.resource.loader.ClasspathResourceLoader
2014-03-01 14:03:25,143 - ResourceManager : found remove.vm with loader org.apache.velocity.runtime.resource.loader.ClasspathResourceLoader
2014-03-01 14:03:25,154 - ResourceManager : found removeall.vm with loader org.apache.velocity.runtime.resource.loader.ClasspathResourceLoader
2014-03-01 14:03:25,215 - ResourceManager : found get.vm with loader org.apache.velocity.runtime.resource.loader.ClasspathResourceLoader
2014-03-01 14:03:25,224 - Null reference [template 'get.vm', line 235, column 38] : $type cannot be resolved.
2014-03-01 14:03:25,224 - Null reference [template 'get.vm', line 247, column 35] : $type cannot be resolved.
2014-03-01 14:03:25,225 - Null reference [template 'get.vm', line 257, column 38] : $type cannot be resolved.
2014-03-01 14:03:25,225 - Null reference [template 'get.vm', line 267, column 35] : $type cannot be resolved.
2014-03-01 14:03:25,291 - ResourceManager : found add.vm with loader org.apache.velocity.runtime.resource.loader.ClasspathResourceLoader
2014-03-01 14:03:25,296 - ResourceManager : found set.vm with loader org.apache.velocity.runtime.resource.loader.ClasspathResourceLoader
2014-03-01 14:03:25,325 - ResourceManager : found remove.vm with loader org.apache.velocity.runtime.resource.loader.ClasspathResourceLoader
2014-03-01 14:03:25,333 - ResourceManager : found removeall.vm with loader org.apache.velocity.runtime.resource.loader.ClasspathResourceLoader
2014-03-01 14:03:25,382 - ResourceManager : found get.vm with loader org.apache.velocity.runtime.resource.loader.ClasspathResourceLoader
2014-03-01 14:03:25,386 - Null reference [template 'get.vm', line 235, column 38] : $type cannot be resolved.
2014-03-01 14:03:25,395 - Null reference [template 'get.vm', line 247, column 35] : $type cannot be resolved.
2014-03-01 14:03:25,396 - Null reference [template 'get.vm', line 257, column 38] : $type cannot be resolved.
2014-03-01 14:03:25,396 - Null reference [template 'get.vm', line 267, column 35] : $type cannot be resolved.
2014-03-01 14:03:25,412 - ResourceManager : found add.vm with loader org.apache.velocity.runtime.resource.loader.ClasspathResourceLoader
2014-03-01 14:03:25,418 - ResourceManager : found set.vm with loader org.apache.velocity.runtime.resource.loader.ClasspathResourceLoader
2014-03-01 14:03:25,452 - ResourceManager : found remove.vm with loader org.apache.velocity.runtime.resource.loader.ClasspathResourceLoader
2014-03-01 14:03:25,460 - ResourceManager : found removeall.vm with loader org.apache.velocity.runtime.resource.loader.ClasspathResourceLoader
2014-03-01 14:03:25,540 - ResourceManager : found get.vm with loader org.apache.velocity.runtime.resource.loader.ClasspathResourceLoader
2014-03-01 14:03:25,552 - Null reference [template 'get.vm', line 235, column 38] : $type cannot be resolved.
2014-03-01 14:03:25,560 - Null reference [template 'get.vm', line 247, column 35] : $type cannot be resolved.
2014-03-01 14:03:25,561 - Null reference [template 'get.vm', line 257, column 38] : $type cannot be resolved.
2014-03-01 14:03:25,565 - Null reference [template 'get.vm', line 267, column 35] : $type cannot be resolved.
2014-03-01 14:03:25,591 - ResourceManager : found add.vm with loader org.apache.velocity.runtime.resource.loader.ClasspathResourceLoader
2014-03-01 14:03:25,619 - ResourceManager : found set.vm with loader org.apache.velocity.runtime.resource.loader.ClasspathResourceLoader
2014-03-01 14:03:25,651 - ResourceManager : found remove.vm with loader org.apache.velocity.runtime.resource.loader.ClasspathResourceLoader
2014-03-01 14:03:25,674 - ResourceManager : found removeall.vm with loader org.apache.velocity.runtime.resource.loader.ClasspathResourceLoader
2014-03-01 14:03:25,744 - ResourceManager : found get.vm with loader org.apache.velocity.runtime.resource.loader.ClasspathResourceLoader
2014-03-01 14:03:25,750 - Null reference [template 'get.vm', line 235, column 38] : $type cannot be resolved.
2014-03-01 14:03:25,751 - Null reference [template 'get.vm', line 247, column 35] : $type cannot be resolved.
2014-03-01 14:03:25,751 - Null reference [template 'get.vm', line 257, column 38] : $type cannot be resolved.
2014-03-01 14:03:25,752 - Null reference [template 'get.vm', line 267, column 35] : $type cannot be resolved.
2014-03-01 14:03:25,771 - ResourceManager : found add.vm with loader org.apache.velocity.runtime.resource.loader.ClasspathResourceLoader
2014-03-01 14:03:25,788 - ResourceManager : found set.vm with loader org.apache.velocity.runtime.resource.loader.ClasspathResourceLoader
2014-03-01 14:03:25,803 - ResourceManager : found remove.vm with loader org.apache.velocity.runtime.resource.loader.ClasspathResourceLoader
2014-03-01 14:03:25,808 - ResourceManager : found removeall.vm with loader org.apache.velocity.runtime.resource.loader.ClasspathResourceLoader
2014-03-01 14:03:25,848 - ResourceManager : found get.vm with loader org.apache.velocity.runtime.resource.loader.ClasspathResourceLoader
2014-03-01 14:03:25,858 - Null reference [template 'get.vm', line 235, column 38] : $type cannot be resolved.
2014-03-01 14:03:25,859 - Null reference [template 'get.vm', line 247, column 35] : $type cannot be resolved.
2014-03-01 14:03:25,859 - Null reference [template 'get.vm', line 257, column 38] : $type cannot be resolved.
2014-03-01 14:03:25,859 - Null reference [template 'get.vm', line 267, column 35] : $type cannot be resolved.
2014-03-01 14:03:25,880 - ResourceManager : found add.vm with loader org.apache.velocity.runtime.resource.loader.ClasspathResourceLoader
2014-03-01 14:03:25,899 - ResourceManager : found set.vm with loader org.apache.velocity.runtime.resource.loader.ClasspathResourceLoader
2014-03-01 14:03:25,917 - ResourceManager : found remove.vm with loader org.apache.velocity.runtime.resource.loader.ClasspathResourceLoader
2014-03-01 14:03:25,927 - ResourceManager : found removeall.vm with loader org.apache.velocity.runtime.resource.loader.ClasspathResourceLoader
2014-03-01 14:03:25,970 - ResourceManager : found get.vm with loader org.apache.velocity.runtime.resource.loader.ClasspathResourceLoader
2014-03-01 14:03:25,972 - Null reference [template 'get.vm', line 235, column 38] : $type cannot be resolved.
2014-03-01 14:03:25,973 - Null reference [template 'get.vm', line 247, column 35] : $type cannot be resolved.
2014-03-01 14:03:25,973 - Null reference [template 'get.vm', line 257, column 38] : $type cannot be resolved.
2014-03-01 14:03:25,974 - Null reference [template 'get.vm', line 267, column 35] : $type cannot be resolved.
2014-03-01 14:03:25,985 - ResourceManager : found add.vm with loader org.apache.velocity.runtime.resource.loader.ClasspathResourceLoader
2014-03-01 14:03:26,042 - ResourceManager : found set.vm with loader org.apache.velocity.runtime.resource.loader.ClasspathResourceLoader
2014-03-01 14:03:26,052 - ResourceManager : found remove.vm with loader org.apache.velocity.runtime.resource.loader.ClasspathResourceLoader
2014-03-01 14:03:26,055 - ResourceManager : found removeall.vm with loader org.apache.velocity.runtime.resource.loader.ClasspathResourceLoader
2014-03-01 14:03:26,096 - ResourceManager : found get.vm with loader org.apache.velocity.runtime.resource.loader.ClasspathResourceLoader
2014-03-01 14:03:26,097 - Null reference [template 'get.vm', line 235, column 38] : $type cannot be resolved.
2014-03-01 14:03:26,098 - Null reference [template 'get.vm', line 247, column 35] : $type cannot be resolved.
2014-03-01 14:03:26,098 - Null reference [template 'get.vm', line 257, column 38] : $type cannot be resolved.
2014-03-01 14:03:26,099 - Null reference [template 'get.vm', line 267, column 35] : $type cannot be resolved.
2014-03-01 14:03:26,106 - ResourceManager : found add.vm with loader org.apache.velocity.runtime.resource.loader.ClasspathResourceLoader
2014-03-01 14:03:26,112 - ResourceManager : found set.vm with loader org.apache.velocity.runtime.resource.loader.ClasspathResourceLoader
2014-03-01 14:03:26,122 - ResourceManager : found remove.vm with loader org.apache.velocity.runtime.resource.loader.ClasspathResourceLoader
2014-03-01 14:03:26,125 - ResourceManager : found removeall.vm with loader org.apache.velocity.runtime.resource.loader.ClasspathResourceLoader
2014-03-01 14:03:26,146 - ResourceManager : found get.vm with loader org.apache.velocity.runtime.resource.loader.ClasspathResourceLoader
2014-03-01 14:03:26,147 - Null reference [template 'get.vm', line 235, column 38] : $type cannot be resolved.
2014-03-01 14:03:26,147 - Null reference [template 'get.vm', line 247, column 35] : $type cannot be resolved.
2014-03-01 14:03:26,147 - Null reference [template 'get.vm', line 257, column 38] : $type cannot be resolved.
2014-03-01 14:03:26,148 - Null reference [template 'get.vm', line 267, column 35] : $type cannot be resolved.
2014-03-01 14:03:26,153 - ResourceManager : found add.vm with loader org.apache.velocity.runtime.resource.loader.ClasspathResourceLoader
2014-03-01 14:03:26,156 - ResourceManager : found set.vm with loader org.apache.velocity.runtime.resource.loader.ClasspathResourceLoader
2014-03-01 14:03:26,163 - ResourceManager : found remove.vm with loader org.apache.velocity.runtime.resource.loader.ClasspathResourceLoader
2014-03-01 14:03:26,165 - ResourceManager : found removeall.vm with loader org.apache.velocity.runtime.resource.loader.ClasspathResourceLoader
2014-03-01 14:03:26,179 - ResourceManager : found get.vm with loader org.apache.velocity.runtime.resource.loader.ClasspathResourceLoader
2014-03-01 14:03:26,180 - Null reference [template 'get.vm', line 235, column 38] : $type cannot be resolved.
2014-03-01 14:03:26,181 - Null reference [template 'get.vm', line 247, column 35] : $type cannot be resolved.
2014-03-01 14:03:26,181 - Null reference [template 'get.vm', line 257, column 38] : $type cannot be resolved.
2014-03-01 14:03:26,181 - Null reference [template 'get.vm', line 267, column 35] : $type cannot be resolved.
2014-03-01 14:03:26,187 - ResourceManager : found add.vm with loader org.apache.velocity.runtime.resource.loader.ClasspathResourceLoader
2014-03-01 14:03:26,190 - ResourceManager : found set.vm with loader org.apache.velocity.runtime.resource.loader.ClasspathResourceLoader
2014-03-01 14:03:26,196 - ResourceManager : found remove.vm with loader org.apache.velocity.runtime.resource.loader.ClasspathResourceLoader
2014-03-01 14:03:26,198 - ResourceManager : found removeall.vm with loader org.apache.velocity.runtime.resource.loader.ClasspathResourceLoader
2014-03-01 14:03:26,218 - ResourceManager : found get.vm with loader org.apache.velocity.runtime.resource.loader.ClasspathResourceLoader
2014-03-01 14:03:26,220 - Null reference [template 'get.vm', line 235, column 38] : $type cannot be resolved.
2014-03-01 14:03:26,221 - Null reference [template 'get.vm', line 247, column 35] : $type cannot be resolved.
2014-03-01 14:03:26,221 - Null reference [template 'get.vm', line 257, column 38] : $type cannot be resolved.
2014-03-01 14:03:26,222 - Null reference [template 'get.vm', line 267, column 35] : $type cannot be resolved.
2014-03-01 14:03:26,229 - ResourceManager : found add.vm with loader org.apache.velocity.runtime.resource.loader.ClasspathResourceLoader
2014-03-01 14:03:26,235 - ResourceManager : found set.vm with loader org.apache.velocity.runtime.resource.loader.ClasspathResourceLoader
2014-03-01 14:03:26,243 - ResourceManager : found remove.vm with loader org.apache.velocity.runtime.resource.loader.ClasspathResourceLoader
2014-03-01 14:03:26,247 - ResourceManager : found removeall.vm with loader org.apache.velocity.runtime.resource.loader.ClasspathResourceLoader
2014-03-01 14:03:26,277 - ResourceManager : found get.vm with loader org.apache.velocity.runtime.resource.loader.ClasspathResourceLoader
2014-03-01 14:03:26,288 - Null reference [template 'get.vm', line 235, column 38] : $type cannot be resolved.
2014-03-01 14:03:26,289 - Null reference [template 'get.vm', line 247, column 35] : $type cannot be resolved.
2014-03-01 14:03:26,289 - Null reference [template 'get.vm', line 257, column 38] : $type cannot be resolved.
2014-03-01 14:03:26,290 - Null reference [template 'get.vm', line 267, column 35] : $type cannot be resolved.
2014-03-01 14:03:26,302 - ResourceManager : found add.vm with loader org.apache.velocity.runtime.resource.loader.ClasspathResourceLoader
2014-03-01 14:03:26,312 - ResourceManager : found set.vm with loader org.apache.velocity.runtime.resource.loader.ClasspathResourceLoader
2014-03-01 14:03:26,326 - ResourceManager : found remove.vm with loader org.apache.velocity.runtime.resource.loader.ClasspathResourceLoader
2014-03-01 14:03:26,334 - ResourceManager : found removeall.vm with loader org.apache.velocity.runtime.resource.loader.ClasspathResourceLoader
2014-03-02 09:43:12,974 - SimpleLog4JLogSystem initialized using logfile 'velocity.log'
2014-03-02 09:43:12,975 - *******************************************************************
2014-03-02 09:43:12,975 - Starting Apache Velocity v1.5 (compiled: 2007-02-22 08:52:29)
2014-03-02 09:43:12,975 - RuntimeInstance initializing.
2014-03-02 09:43:12,975 - Default Properties File: org/apache/velocity/runtime/defaults/velocity.properties
2014-03-02 09:43:12,975 - Trying to use logger class org.apache.velocity.runtime.log.SimpleLog4JLogSystem
2014-03-02 09:43:12,975 - LogSystem has been deprecated. Please use a LogChute implementation.
2014-03-02 09:43:12,977 - Default ResourceManager initializing. (class org.apache.velocity.runtime.resource.ResourceManagerImpl)
2014-03-02 09:43:12,979 - ResourceLoader instantiated: org.apache.velocity.runtime.resource.loader.ClasspathResourceLoader
2014-03-02 09:43:12,980 - ClasspathResourceLoader : initialization complete.
2014-03-02 09:43:13,017 - ResourceCache: initialized (class org.apache.velocity.runtime.resource.ResourceCacheImpl)
2014-03-02 09:43:13,018 - Default ResourceManager initialization complete.
2014-03-02 09:43:13,026 - Loaded System Directive: org.apache.velocity.runtime.directive.Literal
2014-03-02 09:43:13,027 - Loaded System Directive: org.apache.velocity.runtime.directive.Macro
2014-03-02 09:43:13,028 - Loaded System Directive: org.apache.velocity.runtime.directive.Parse
2014-03-02 09:43:13,029 - Loaded System Directive: org.apache.velocity.runtime.directive.Include
2014-03-02 09:43:13,029 - Loaded System Directive: org.apache.velocity.runtime.directive.Foreach
2014-03-02 09:43:13,049 - Created '20' parsers.
2014-03-02 09:43:13,054 - Velocimacro : initialization starting.
2014-03-02 09:43:13,054 - Velocimacro : "velocimacro.library" is not set.  Trying default library: VM_global_library.vm
2014-03-02 09:43:13,054 - Velocimacro : Default library not found.
2014-03-02 09:43:13,055 - Velocimacro : allowInline = true : VMs can be defined inline in templates
2014-03-02 09:43:13,055 - Velocimacro : allowInlineToOverride = false : VMs defined inline may NOT replace previous VM definitions
2014-03-02 09:43:13,055 - Velocimacro : allowInlineLocal = false : VMs defined inline will be global in scope if allowed.
2014-03-02 09:43:13,055 - Velocimacro : autoload off : VM system will not automatically reload global library macros
2014-03-02 09:43:13,055 - Velocimacro : Velocimacro : initialization complete.
2014-03-02 09:43:13,055 - RuntimeInstance successfully initialized.
2014-03-02 09:43:13,061 - Velocimacro : added #mixedcase(  name ) : source = class.vm
2014-03-02 09:43:13,062 - Velocimacro : added #lowercase(  name ) : source = class.vm
2014-03-02 09:43:13,062 - Velocimacro : added #uppercase(  name ) : source = class.vm
2014-03-02 09:43:13,064 - Velocimacro : added #comment(  indent name ) : source = class.vm
2014-03-02 09:43:13,065 - Velocimacro : added #debug(  text ) : source = class.vm
2014-03-02 09:43:13,140 - ResourceManager : found class.vm with loader org.apache.velocity.runtime.resource.loader.ClasspathResourceLoader
2014-03-02 09:43:13,186 - Left side ($name.getComment().length()) of '>' operation has null value. Operation not possible. class.vm [line 1, column 34]
2014-03-02 09:43:13,187 - Left side ($name.getComment().length()) of '>' operation has null value. Operation not possible. class.vm [line 1, column 34]
2014-03-02 09:43:13,187 - Left side ($name.getComment().length()) of '>' operation has null value. Operation not possible. class.vm [line 1, column 34]
2014-03-02 09:43:13,188 - Left side ($name.getComment().length()) of '>' operation has null value. Operation not possible. class.vm [line 1, column 34]
2014-03-02 09:43:13,191 - Left side ($name.getComment().length()) of '>' operation has null value. Operation not possible. class.vm [line 1, column 34]
2014-03-02 09:43:13,191 - Left side ($name.getComment().length()) of '>' operation has null value. Operation not possible. class.vm [line 1, column 34]
2014-03-02 09:43:13,191 - Left side ($name.getComment().length()) of '>' operation has null value. Operation not possible. class.vm [line 1, column 34]
2014-03-02 09:43:13,192 - Left side ($name.getComment().length()) of '>' operation has null value. Operation not possible. class.vm [line 1, column 34]
2014-03-02 09:43:13,192 - Left side ($name.getComment().length()) of '>' operation has null value. Operation not possible. class.vm [line 1, column 34]
2014-03-02 09:43:13,193 - Left side ($name.getComment().length()) of '>' operation has null value. Operation not possible. class.vm [line 1, column 34]
2014-03-02 09:43:13,193 - Left side ($name.getComment().length()) of '>' operation has null value. Operation not possible. class.vm [line 1, column 34]
2014-03-02 09:43:13,194 - Left side ($name.getComment().length()) of '>' operation has null value. Operation not possible. class.vm [line 1, column 34]
2014-03-02 09:43:13,194 - Left side ($name.getComment().length()) of '>' operation has null value. Operation not possible. class.vm [line 1, column 34]
2014-03-02 09:43:13,194 - Left side ($name.getComment().length()) of '>' operation has null value. Operation not possible. class.vm [line 1, column 34]
2014-03-02 09:43:13,194 - Left side ($name.getComment().length()) of '>' operation has null value. Operation not possible. class.vm [line 1, column 34]
2014-03-02 09:43:13,195 - Left side ($name.getComment().length()) of '>' operation has null value. Operation not possible. class.vm [line 1, column 34]
2014-03-02 09:43:13,195 - Left side ($name.getComment().length()) of '>' operation has null value. Operation not possible. class.vm [line 1, column 34]
2014-03-02 09:43:13,196 - Left side ($name.getComment().length()) of '>' operation has null value. Operation not possible. class.vm [line 1, column 34]
2014-03-02 09:43:13,196 - Left side ($name.getComment().length()) of '>' operation has null value. Operation not possible. class.vm [line 1, column 34]
2014-03-02 09:43:13,196 - Left side ($name.getComment().length()) of '>' operation has null value. Operation not possible. class.vm [line 1, column 34]
2014-03-02 09:43:13,197 - Left side ($name.getComment().length()) of '>' operation has null value. Operation not possible. class.vm [line 1, column 34]
2014-03-02 09:43:13,197 - Left side ($name.getComment().length()) of '>' operation has null value. Operation not possible. class.vm [line 1, column 34]
2014-03-02 09:43:13,197 - Left side ($name.getComment().length()) of '>' operation has null value. Operation not possible. class.vm [line 1, column 34]
2014-03-02 09:43:13,198 - Left side ($name.getComment().length()) of '>' operation has null value. Operation not possible. class.vm [line 1, column 34]
2014-03-02 09:43:13,278 - ResourceManager : found get.vm with loader org.apache.velocity.runtime.resource.loader.ClasspathResourceLoader
2014-03-02 09:43:13,285 - Null reference [template 'get.vm', line 235, column 38] : $type cannot be resolved.
2014-03-02 09:43:13,285 - Null reference [template 'get.vm', line 247, column 35] : $type cannot be resolved.
2014-03-02 09:43:13,287 - Null reference [template 'get.vm', line 257, column 38] : $type cannot be resolved.
2014-03-02 09:43:13,287 - Null reference [template 'get.vm', line 267, column 35] : $type cannot be resolved.
2014-03-02 09:43:13,327 - ResourceManager : found add.vm with loader org.apache.velocity.runtime.resource.loader.ClasspathResourceLoader
2014-03-02 09:43:13,346 - ResourceManager : found set.vm with loader org.apache.velocity.runtime.resource.loader.ClasspathResourceLoader
2014-03-02 09:43:13,388 - ResourceManager : found remove.vm with loader org.apache.velocity.runtime.resource.loader.ClasspathResourceLoader
2014-03-02 09:43:13,407 - ResourceManager : found removeall.vm with loader org.apache.velocity.runtime.resource.loader.ClasspathResourceLoader
2014-03-02 09:43:13,538 - ResourceManager : found get.vm with loader org.apache.velocity.runtime.resource.loader.ClasspathResourceLoader
2014-03-02 09:43:13,546 - Null reference [template 'get.vm', line 235, column 38] : $type cannot be resolved.
2014-03-02 09:43:13,546 - Null reference [template 'get.vm', line 247, column 35] : $type cannot be resolved.
2014-03-02 09:43:13,547 - Null reference [template 'get.vm', line 257, column 38] : $type cannot be resolved.
2014-03-02 09:43:13,547 - Null reference [template 'get.vm', line 267, column 35] : $type cannot be resolved.
2014-03-02 09:43:13,581 - ResourceManager : found add.vm with loader org.apache.velocity.runtime.resource.loader.ClasspathResourceLoader
2014-03-02 09:43:13,599 - ResourceManager : found set.vm with loader org.apache.velocity.runtime.resource.loader.ClasspathResourceLoader
2014-03-02 09:43:13,646 - ResourceManager : found remove.vm with loader org.apache.velocity.runtime.resource.loader.ClasspathResourceLoader
2014-03-02 09:43:13,661 - ResourceManager : found removeall.vm with loader org.apache.velocity.runtime.resource.loader.ClasspathResourceLoader
2014-03-02 09:43:13,748 - ResourceManager : found get.vm with loader org.apache.velocity.runtime.resource.loader.ClasspathResourceLoader
2014-03-02 09:43:13,752 - Null reference [template 'get.vm', line 235, column 38] : $type cannot be resolved.
2014-03-02 09:43:13,753 - Null reference [template 'get.vm', line 247, column 35] : $type cannot be resolved.
2014-03-02 09:43:13,754 - Null reference [template 'get.vm', line 257, column 38] : $type cannot be resolved.
2014-03-02 09:43:13,759 - Null reference [template 'get.vm', line 267, column 35] : $type cannot be resolved.
2014-03-02 09:43:13,779 - ResourceManager : found add.vm with loader org.apache.velocity.runtime.resource.loader.ClasspathResourceLoader
2014-03-02 09:43:13,794 - ResourceManager : found set.vm with loader org.apache.velocity.runtime.resource.loader.ClasspathResourceLoader
2014-03-02 09:43:13,811 - ResourceManager : found remove.vm with loader org.apache.velocity.runtime.resource.loader.ClasspathResourceLoader
2014-03-02 09:43:13,816 - ResourceManager : found removeall.vm with loader org.apache.velocity.runtime.resource.loader.ClasspathResourceLoader
2014-03-02 09:43:13,912 - ResourceManager : found get.vm with loader org.apache.velocity.runtime.resource.loader.ClasspathResourceLoader
2014-03-02 09:43:13,916 - Null reference [template 'get.vm', line 235, column 38] : $type cannot be resolved.
2014-03-02 09:43:13,917 - Null reference [template 'get.vm', line 247, column 35] : $type cannot be resolved.
2014-03-02 09:43:13,918 - Null reference [template 'get.vm', line 257, column 38] : $type cannot be resolved.
2014-03-02 09:43:13,918 - Null reference [template 'get.vm', line 267, column 35] : $type cannot be resolved.
2014-03-02 09:43:13,943 - ResourceManager : found add.vm with loader org.apache.velocity.runtime.resource.loader.ClasspathResourceLoader
2014-03-02 09:43:13,959 - ResourceManager : found set.vm with loader org.apache.velocity.runtime.resource.loader.ClasspathResourceLoader
2014-03-02 09:43:14,025 - ResourceManager : found remove.vm with loader org.apache.velocity.runtime.resource.loader.ClasspathResourceLoader
2014-03-02 09:43:14,044 - ResourceManager : found removeall.vm with loader org.apache.velocity.runtime.resource.loader.ClasspathResourceLoader
2014-03-02 09:43:14,068 - ResourceManager : found get.vm with loader org.apache.velocity.runtime.resource.loader.ClasspathResourceLoader
2014-03-02 09:43:14,070 - Null reference [template 'get.vm', line 235, column 38] : $type cannot be resolved.
2014-03-02 09:43:14,071 - Null reference [template 'get.vm', line 247, column 35] : $type cannot be resolved.
2014-03-02 09:43:14,071 - Null reference [template 'get.vm', line 257, column 38] : $type cannot be resolved.
2014-03-02 09:43:14,071 - Null reference [template 'get.vm', line 267, column 35] : $type cannot be resolved.
2014-03-02 09:43:14,082 - ResourceManager : found add.vm with loader org.apache.velocity.runtime.resource.loader.ClasspathResourceLoader
2014-03-02 09:43:14,094 - ResourceManager : found set.vm with loader org.apache.velocity.runtime.resource.loader.ClasspathResourceLoader
2014-03-02 09:43:14,111 - ResourceManager : found remove.vm with loader org.apache.velocity.runtime.resource.loader.ClasspathResourceLoader
2014-03-02 09:43:14,117 - ResourceManager : found removeall.vm with loader org.apache.velocity.runtime.resource.loader.ClasspathResourceLoader
2014-03-02 09:43:14,154 - ResourceManager : found get.vm with loader org.apache.velocity.runtime.resource.loader.ClasspathResourceLoader
2014-03-02 09:43:14,156 - Null reference [template 'get.vm', line 235, column 38] : $type cannot be resolved.
2014-03-02 09:43:14,157 - Null reference [template 'get.vm', line 247, column 35] : $type cannot be resolved.
2014-03-02 09:43:14,157 - Null reference [template 'get.vm', line 257, column 38] : $type cannot be resolved.
2014-03-02 09:43:14,158 - Null reference [template 'get.vm', line 267, column 35] : $type cannot be resolved.
2014-03-02 09:43:14,172 - ResourceManager : found add.vm with loader org.apache.velocity.runtime.resource.loader.ClasspathResourceLoader
2014-03-02 09:43:14,181 - ResourceManager : found set.vm with loader org.apache.velocity.runtime.resource.loader.ClasspathResourceLoader
2014-03-02 09:43:14,200 - ResourceManager : found remove.vm with loader org.apache.velocity.runtime.resource.loader.ClasspathResourceLoader
2014-03-02 09:43:14,206 - ResourceManager : found removeall.vm with loader org.apache.velocity.runtime.resource.loader.ClasspathResourceLoader
2014-03-02 09:43:14,232 - ResourceManager : found get.vm with loader org.apache.velocity.runtime.resource.loader.ClasspathResourceLoader
2014-03-02 09:43:14,236 - Null reference [template 'get.vm', line 235, column 38] : $type cannot be resolved.
2014-03-02 09:43:14,237 - Null reference [template 'get.vm', line 247, column 35] : $type cannot be resolved.
2014-03-02 09:43:14,237 - Null reference [template 'get.vm', line 257, column 38] : $type cannot be resolved.
2014-03-02 09:43:14,238 - Null reference [template 'get.vm', line 267, column 35] : $type cannot be resolved.
2014-03-02 09:43:14,249 - ResourceManager : found add.vm with loader org.apache.velocity.runtime.resource.loader.ClasspathResourceLoader
2014-03-02 09:43:14,310 - ResourceManager : found set.vm with loader org.apache.velocity.runtime.resource.loader.ClasspathResourceLoader
2014-03-02 09:43:14,350 - ResourceManager : found remove.vm with loader org.apache.velocity.runtime.resource.loader.ClasspathResourceLoader
2014-03-02 09:43:14,362 - ResourceManager : found removeall.vm with loader org.apache.velocity.runtime.resource.loader.ClasspathResourceLoader
2014-03-02 09:43:14,404 - ResourceManager : found get.vm with loader org.apache.velocity.runtime.resource.loader.ClasspathResourceLoader
2014-03-02 09:43:14,423 - Null reference [template 'get.vm', line 235, column 38] : $type cannot be resolved.
2014-03-02 09:43:14,428 - Null reference [template 'get.vm', line 247, column 35] : $type cannot be resolved.
2014-03-02 09:43:14,429 - Null reference [template 'get.vm', line 257, column 38] : $type cannot be resolved.
2014-03-02 09:43:14,429 - Null reference [template 'get.vm', line 267, column 35] : $type cannot be resolved.
2014-03-02 09:43:14,449 - ResourceManager : found add.vm with loader org.apache.velocity.runtime.resource.loader.ClasspathResourceLoader
2014-03-02 09:43:14,471 - ResourceManager : found set.vm with loader org.apache.velocity.runtime.resource.loader.ClasspathResourceLoader
2014-03-02 09:43:14,503 - ResourceManager : found remove.vm with loader org.apache.velocity.runtime.resource.loader.ClasspathResourceLoader
2014-03-02 09:43:14,515 - ResourceManager : found removeall.vm with loader org.apache.velocity.runtime.resource.loader.ClasspathResourceLoader
2014-03-02 09:45:42,399 - SimpleLog4JLogSystem initialized using logfile 'velocity.log'
2014-03-02 09:45:42,400 - *******************************************************************
2014-03-02 09:45:42,400 - Starting Apache Velocity v1.5 (compiled: 2007-02-22 08:52:29)
2014-03-02 09:45:42,400 - RuntimeInstance initializing.
2014-03-02 09:45:42,400 - Default Properties File: org/apache/velocity/runtime/defaults/velocity.properties
2014-03-02 09:45:42,400 - Trying to use logger class org.apache.velocity.runtime.log.SimpleLog4JLogSystem
2014-03-02 09:45:42,400 - LogSystem has been deprecated. Please use a LogChute implementation.
2014-03-02 09:45:42,402 - Default ResourceManager initializing. (class org.apache.velocity.runtime.resource.ResourceManagerImpl)
2014-03-02 09:45:42,403 - ResourceLoader instantiated: org.apache.velocity.runtime.resource.loader.ClasspathResourceLoader
2014-03-02 09:45:42,404 - ClasspathResourceLoader : initialization complete.
2014-03-02 09:45:42,416 - ResourceCache: initialized (class org.apache.velocity.runtime.resource.ResourceCacheImpl)
2014-03-02 09:45:42,416 - Default ResourceManager initialization complete.
2014-03-02 09:45:42,417 - Loaded System Directive: org.apache.velocity.runtime.directive.Literal
2014-03-02 09:45:42,419 - Loaded System Directive: org.apache.velocity.runtime.directive.Macro
2014-03-02 09:45:42,420 - Loaded System Directive: org.apache.velocity.runtime.directive.Parse
2014-03-02 09:45:42,421 - Loaded System Directive: org.apache.velocity.runtime.directive.Include
2014-03-02 09:45:42,422 - Loaded System Directive: org.apache.velocity.runtime.directive.Foreach
2014-03-02 09:45:42,445 - Created '20' parsers.
2014-03-02 09:45:42,451 - Velocimacro : initialization starting.
2014-03-02 09:45:42,452 - Velocimacro : "velocimacro.library" is not set.  Trying default library: VM_global_library.vm
2014-03-02 09:45:42,452 - Velocimacro : Default library not found.
2014-03-02 09:45:42,452 - Velocimacro : allowInline = true : VMs can be defined inline in templates
2014-03-02 09:45:42,452 - Velocimacro : allowInlineToOverride = false : VMs defined inline may NOT replace previous VM definitions
2014-03-02 09:45:42,452 - Velocimacro : allowInlineLocal = false : VMs defined inline will be global in scope if allowed.
2014-03-02 09:45:42,452 - Velocimacro : autoload off : VM system will not automatically reload global library macros
2014-03-02 09:45:42,452 - Velocimacro : Velocimacro : initialization complete.
2014-03-02 09:45:42,452 - RuntimeInstance successfully initialized.
2014-03-02 09:45:42,459 - Velocimacro : added #mixedcase(  name ) : source = class.vm
2014-03-02 09:45:42,460 - Velocimacro : added #lowercase(  name ) : source = class.vm
2014-03-02 09:45:42,460 - Velocimacro : added #uppercase(  name ) : source = class.vm
2014-03-02 09:45:42,462 - Velocimacro : added #comment(  indent name ) : source = class.vm
2014-03-02 09:45:42,462 - Velocimacro : added #debug(  text ) : source = class.vm
2014-03-02 09:45:42,516 - ResourceManager : found class.vm with loader org.apache.velocity.runtime.resource.loader.ClasspathResourceLoader
2014-03-02 09:45:42,553 - Left side ($name.getComment().length()) of '>' operation has null value. Operation not possible. class.vm [line 1, column 34]
2014-03-02 09:45:42,554 - Left side ($name.getComment().length()) of '>' operation has null value. Operation not possible. class.vm [line 1, column 34]
2014-03-02 09:45:42,554 - Left side ($name.getComment().length()) of '>' operation has null value. Operation not possible. class.vm [line 1, column 34]
2014-03-02 09:45:42,555 - Left side ($name.getComment().length()) of '>' operation has null value. Operation not possible. class.vm [line 1, column 34]
2014-03-02 09:45:42,556 - Left side ($name.getComment().length()) of '>' operation has null value. Operation not possible. class.vm [line 1, column 34]
2014-03-02 09:45:42,557 - Left side ($name.getComment().length()) of '>' operation has null value. Operation not possible. class.vm [line 1, column 34]
2014-03-02 09:45:42,557 - Left side ($name.getComment().length()) of '>' operation has null value. Operation not possible. class.vm [line 1, column 34]
2014-03-02 09:45:42,558 - Left side ($name.getComment().length()) of '>' operation has null value. Operation not possible. class.vm [line 1, column 34]
2014-03-02 09:45:42,559 - Left side ($name.getComment().length()) of '>' operation has null value. Operation not possible. class.vm [line 1, column 34]
2014-03-02 09:45:42,559 - Left side ($name.getComment().length()) of '>' operation has null value. Operation not possible. class.vm [line 1, column 34]
2014-03-02 09:45:42,560 - Left side ($name.getComment().length()) of '>' operation has null value. Operation not possible. class.vm [line 1, column 34]
2014-03-02 09:45:42,560 - Left side ($name.getComment().length()) of '>' operation has null value. Operation not possible. class.vm [line 1, column 34]
2014-03-02 09:45:42,560 - Left side ($name.getComment().length()) of '>' operation has null value. Operation not possible. class.vm [line 1, column 34]
2014-03-02 09:45:42,561 - Left side ($name.getComment().length()) of '>' operation has null value. Operation not possible. class.vm [line 1, column 34]
2014-03-02 09:45:42,561 - Left side ($name.getComment().length()) of '>' operation has null value. Operation not possible. class.vm [line 1, column 34]
2014-03-02 09:45:42,561 - Left side ($name.getComment().length()) of '>' operation has null value. Operation not possible. class.vm [line 1, column 34]
2014-03-02 09:45:42,562 - Left side ($name.getComment().length()) of '>' operation has null value. Operation not possible. class.vm [line 1, column 34]
2014-03-02 09:45:42,563 - Left side ($name.getComment().length()) of '>' operation has null value. Operation not possible. class.vm [line 1, column 34]
2014-03-02 09:45:42,563 - Left side ($name.getComment().length()) of '>' operation has null value. Operation not possible. class.vm [line 1, column 34]
2014-03-02 09:45:42,563 - Left side ($name.getComment().length()) of '>' operation has null value. Operation not possible. class.vm [line 1, column 34]
2014-03-02 09:45:42,563 - Left side ($name.getComment().length()) of '>' operation has null value. Operation not possible. class.vm [line 1, column 34]
2014-03-02 09:45:42,564 - Left side ($name.getComment().length()) of '>' operation has null value. Operation not possible. class.vm [line 1, column 34]
2014-03-02 09:45:42,564 - Left side ($name.getComment().length()) of '>' operation has null value. Operation not possible. class.vm [line 1, column 34]
2014-03-02 09:45:42,564 - Left side ($name.getComment().length()) of '>' operation has null value. Operation not possible. class.vm [line 1, column 34]
2014-03-02 09:45:42,636 - ResourceManager : found get.vm with loader org.apache.velocity.runtime.resource.loader.ClasspathResourceLoader
2014-03-02 09:45:42,640 - Null reference [template 'get.vm', line 235, column 38] : $type cannot be resolved.
2014-03-02 09:45:42,644 - Null reference [template 'get.vm', line 247, column 35] : $type cannot be resolved.
2014-03-02 09:45:42,646 - Null reference [template 'get.vm', line 257, column 38] : $type cannot be resolved.
2014-03-02 09:45:42,647 - Null reference [template 'get.vm', line 267, column 35] : $type cannot be resolved.
2014-03-02 09:45:42,686 - ResourceManager : found add.vm with loader org.apache.velocity.runtime.resource.loader.ClasspathResourceLoader
2014-03-02 09:45:42,709 - ResourceManager : found set.vm with loader org.apache.velocity.runtime.resource.loader.ClasspathResourceLoader
2014-03-02 09:45:42,760 - ResourceManager : found remove.vm with loader org.apache.velocity.runtime.resource.loader.ClasspathResourceLoader
2014-03-02 09:45:42,777 - ResourceManager : found removeall.vm with loader org.apache.velocity.runtime.resource.loader.ClasspathResourceLoader
2014-03-02 09:45:42,870 - ResourceManager : found get.vm with loader org.apache.velocity.runtime.resource.loader.ClasspathResourceLoader
2014-03-02 09:45:42,874 - Null reference [template 'get.vm', line 235, column 38] : $type cannot be resolved.
2014-03-02 09:45:42,874 - Null reference [template 'get.vm', line 247, column 35] : $type cannot be resolved.
2014-03-02 09:45:42,875 - Null reference [template 'get.vm', line 257, column 38] : $type cannot be resolved.
2014-03-02 09:45:42,875 - Null reference [template 'get.vm', line 267, column 35] : $type cannot be resolved.
2014-03-02 09:45:42,896 - ResourceManager : found add.vm with loader org.apache.velocity.runtime.resource.loader.ClasspathResourceLoader
2014-03-02 09:45:42,908 - ResourceManager : found set.vm with loader org.apache.velocity.runtime.resource.loader.ClasspathResourceLoader
2014-03-02 09:45:42,929 - ResourceManager : found remove.vm with loader org.apache.velocity.runtime.resource.loader.ClasspathResourceLoader
2014-03-02 09:45:42,935 - ResourceManager : found removeall.vm with loader org.apache.velocity.runtime.resource.loader.ClasspathResourceLoader
2014-03-02 09:45:42,977 - ResourceManager : found get.vm with loader org.apache.velocity.runtime.resource.loader.ClasspathResourceLoader
2014-03-02 09:45:42,983 - Null reference [template 'get.vm', line 235, column 38] : $type cannot be resolved.
2014-03-02 09:45:42,984 - Null reference [template 'get.vm', line 247, column 35] : $type cannot be resolved.
2014-03-02 09:45:42,990 - Null reference [template 'get.vm', line 257, column 38] : $type cannot be resolved.
2014-03-02 09:45:42,991 - Null reference [template 'get.vm', line 267, column 35] : $type cannot be resolved.
2014-03-02 09:45:43,038 - ResourceManager : found add.vm with loader org.apache.velocity.runtime.resource.loader.ClasspathResourceLoader
2014-03-02 09:45:43,066 - ResourceManager : found set.vm with loader org.apache.velocity.runtime.resource.loader.ClasspathResourceLoader
2014-03-02 09:45:43,087 - ResourceManager : found remove.vm with loader org.apache.velocity.runtime.resource.loader.ClasspathResourceLoader
2014-03-02 09:45:43,094 - ResourceManager : found removeall.vm with loader org.apache.velocity.runtime.resource.loader.ClasspathResourceLoader
2014-03-02 09:45:43,123 - ResourceManager : found get.vm with loader org.apache.velocity.runtime.resource.loader.ClasspathResourceLoader
2014-03-02 09:45:43,127 - Null reference [template 'get.vm', line 235, column 38] : $type cannot be resolved.
2014-03-02 09:45:43,130 - Null reference [template 'get.vm', line 247, column 35] : $type cannot be resolved.
2014-03-02 09:45:43,130 - Null reference [template 'get.vm', line 257, column 38] : $type cannot be resolved.
2014-03-02 09:45:43,131 - Null reference [template 'get.vm', line 267, column 35] : $type cannot be resolved.
2014-03-02 09:45:43,145 - ResourceManager : found add.vm with loader org.apache.velocity.runtime.resource.loader.ClasspathResourceLoader
2014-03-02 09:45:43,155 - ResourceManager : found set.vm with loader org.apache.velocity.runtime.resource.loader.ClasspathResourceLoader
2014-03-02 09:45:43,172 - ResourceManager : found remove.vm with loader org.apache.velocity.runtime.resource.loader.ClasspathResourceLoader
2014-03-02 09:45:43,182 - ResourceManager : found removeall.vm with loader org.apache.velocity.runtime.resource.loader.ClasspathResourceLoader
2014-03-02 09:45:43,261 - ResourceManager : found get.vm with loader org.apache.velocity.runtime.resource.loader.ClasspathResourceLoader
2014-03-02 09:45:43,264 - Null reference [template 'get.vm', line 235, column 38] : $type cannot be resolved.
2014-03-02 09:45:43,270 - Null reference [template 'get.vm', line 247, column 35] : $type cannot be resolved.
2014-03-02 09:45:43,271 - Null reference [template 'get.vm', line 257, column 38] : $type cannot be resolved.
2014-03-02 09:45:43,271 - Null reference [template 'get.vm', line 267, column 35] : $type cannot be resolved.
2014-03-02 09:45:43,302 - ResourceManager : found add.vm with loader org.apache.velocity.runtime.resource.loader.ClasspathResourceLoader
2014-03-02 09:45:43,322 - ResourceManager : found set.vm with loader org.apache.velocity.runtime.resource.loader.ClasspathResourceLoader
2014-03-02 09:45:43,345 - ResourceManager : found remove.vm with loader org.apache.velocity.runtime.resource.loader.ClasspathResourceLoader
2014-03-02 09:45:43,353 - ResourceManager : found removeall.vm with loader org.apache.velocity.runtime.resource.loader.ClasspathResourceLoader
2014-03-02 09:45:43,423 - ResourceManager : found get.vm with loader org.apache.velocity.runtime.resource.loader.ClasspathResourceLoader
2014-03-02 09:45:43,426 - Null reference [template 'get.vm', line 235, column 38] : $type cannot be resolved.
2014-03-02 09:45:43,426 - Null reference [template 'get.vm', line 247, column 35] : $type cannot be resolved.
2014-03-02 09:45:43,427 - Null reference [template 'get.vm', line 257, column 38] : $type cannot be resolved.
2014-03-02 09:45:43,427 - Null reference [template 'get.vm', line 267, column 35] : $type cannot be resolved.
2014-03-02 09:45:43,450 - ResourceManager : found add.vm with loader org.apache.velocity.runtime.resource.loader.ClasspathResourceLoader
2014-03-02 09:45:43,470 - ResourceManager : found set.vm with loader org.apache.velocity.runtime.resource.loader.ClasspathResourceLoader
2014-03-02 09:45:43,513 - ResourceManager : found remove.vm with loader org.apache.velocity.runtime.resource.loader.ClasspathResourceLoader
2014-03-02 09:45:43,520 - ResourceManager : found removeall.vm with loader org.apache.velocity.runtime.resource.loader.ClasspathResourceLoader
2014-03-02 09:45:43,584 - ResourceManager : found get.vm with loader org.apache.velocity.runtime.resource.loader.ClasspathResourceLoader
2014-03-02 09:45:43,587 - Null reference [template 'get.vm', line 235, column 38] : $type cannot be resolved.
2014-03-02 09:45:43,589 - Null reference [template 'get.vm', line 247, column 35] : $type cannot be resolved.
2014-03-02 09:45:43,595 - Null reference [template 'get.vm', line 257, column 38] : $type cannot be resolved.
2014-03-02 09:45:43,595 - Null reference [template 'get.vm', line 267, column 35] : $type cannot be resolved.
2014-03-02 09:45:43,619 - ResourceManager : found add.vm with loader org.apache.velocity.runtime.resource.loader.ClasspathResourceLoader
2014-03-02 09:45:43,646 - ResourceManager : found set.vm with loader org.apache.velocity.runtime.resource.loader.ClasspathResourceLoader
2014-03-02 09:45:43,710 - ResourceManager : found remove.vm with loader org.apache.velocity.runtime.resource.loader.ClasspathResourceLoader
2014-03-02 09:45:43,721 - ResourceManager : found removeall.vm with loader org.apache.velocity.runtime.resource.loader.ClasspathResourceLoader
2014-03-02 09:45:43,768 - ResourceManager : found get.vm with loader org.apache.velocity.runtime.resource.loader.ClasspathResourceLoader
2014-03-02 09:45:43,774 - Null reference [template 'get.vm', line 235, column 38] : $type cannot be resolved.
2014-03-02 09:45:43,780 - Null reference [template 'get.vm', line 247, column 35] : $type cannot be resolved.
2014-03-02 09:45:43,781 - Null reference [template 'get.vm', line 257, column 38] : $type cannot be resolved.
2014-03-02 09:45:43,781 - Null reference [template 'get.vm', line 267, column 35] : $type cannot be resolved.
2014-03-02 09:45:43,806 - ResourceManager : found add.vm with loader org.apache.velocity.runtime.resource.loader.ClasspathResourceLoader
2014-03-02 09:45:43,812 - ResourceManager : found set.vm with loader org.apache.velocity.runtime.resource.loader.ClasspathResourceLoader
2014-03-02 09:45:43,844 - ResourceManager : found remove.vm with loader org.apache.velocity.runtime.resource.loader.ClasspathResourceLoader
2014-03-02 09:45:43,848 - ResourceManager : found removeall.vm with loader org.apache.velocity.runtime.resource.loader.ClasspathResourceLoader
2014-03-02 10:53:04,326 - SimpleLog4JLogSystem initialized using logfile 'velocity.log'
2014-03-02 10:53:04,327 - *******************************************************************
2014-03-02 10:53:04,327 - Starting Apache Velocity v1.5 (compiled: 2007-02-22 08:52:29)
2014-03-02 10:53:04,327 - RuntimeInstance initializing.
2014-03-02 10:53:04,327 - Default Properties File: org/apache/velocity/runtime/defaults/velocity.properties
2014-03-02 10:53:04,327 - Trying to use logger class org.apache.velocity.runtime.log.SimpleLog4JLogSystem
2014-03-02 10:53:04,327 - LogSystem has been deprecated. Please use a LogChute implementation.
2014-03-02 10:53:04,328 - Default ResourceManager initializing. (class org.apache.velocity.runtime.resource.ResourceManagerImpl)
2014-03-02 10:53:04,330 - ResourceLoader instantiated: org.apache.velocity.runtime.resource.loader.ClasspathResourceLoader
2014-03-02 10:53:04,330 - ClasspathResourceLoader : initialization complete.
2014-03-02 10:53:04,346 - ResourceCache: initialized (class org.apache.velocity.runtime.resource.ResourceCacheImpl)
2014-03-02 10:53:04,347 - Default ResourceManager initialization complete.
2014-03-02 10:53:04,348 - Loaded System Directive: org.apache.velocity.runtime.directive.Literal
2014-03-02 10:53:04,349 - Loaded System Directive: org.apache.velocity.runtime.directive.Macro
2014-03-02 10:53:04,351 - Loaded System Directive: org.apache.velocity.runtime.directive.Parse
2014-03-02 10:53:04,352 - Loaded System Directive: org.apache.velocity.runtime.directive.Include
2014-03-02 10:53:04,353 - Loaded System Directive: org.apache.velocity.runtime.directive.Foreach
2014-03-02 10:53:04,376 - Created '20' parsers.
2014-03-02 10:53:04,384 - Velocimacro : initialization starting.
2014-03-02 10:53:04,384 - Velocimacro : "velocimacro.library" is not set.  Trying default library: VM_global_library.vm
2014-03-02 10:53:04,385 - Velocimacro : Default library not found.
2014-03-02 10:53:04,385 - Velocimacro : allowInline = true : VMs can be defined inline in templates
2014-03-02 10:53:04,385 - Velocimacro : allowInlineToOverride = false : VMs defined inline may NOT replace previous VM definitions
2014-03-02 10:53:04,385 - Velocimacro : allowInlineLocal = false : VMs defined inline will be global in scope if allowed.
2014-03-02 10:53:04,385 - Velocimacro : autoload off : VM system will not automatically reload global library macros
2014-03-02 10:53:04,385 - Velocimacro : Velocimacro : initialization complete.
2014-03-02 10:53:04,385 - RuntimeInstance successfully initialized.
2014-03-02 10:53:04,392 - Velocimacro : added #mixedcase(  name ) : source = class.vm
2014-03-02 10:53:04,392 - Velocimacro : added #lowercase(  name ) : source = class.vm
2014-03-02 10:53:04,393 - Velocimacro : added #uppercase(  name ) : source = class.vm
2014-03-02 10:53:04,395 - Velocimacro : added #comment(  indent name ) : source = class.vm
2014-03-02 10:53:04,395 - Velocimacro : added #debug(  text ) : source = class.vm
2014-03-02 10:53:04,438 - ResourceManager : found class.vm with loader org.apache.velocity.runtime.resource.loader.ClasspathResourceLoader
2014-03-02 10:53:04,495 - Left side ($name.getComment().length()) of '>' operation has null value. Operation not possible. class.vm [line 1, column 34]
2014-03-02 10:53:04,495 - Left side ($name.getComment().length()) of '>' operation has null value. Operation not possible. class.vm [line 1, column 34]
2014-03-02 10:53:04,496 - Left side ($name.getComment().length()) of '>' operation has null value. Operation not possible. class.vm [line 1, column 34]
2014-03-02 10:53:04,496 - Left side ($name.getComment().length()) of '>' operation has null value. Operation not possible. class.vm [line 1, column 34]
2014-03-02 10:53:04,501 - Left side ($name.getComment().length()) of '>' operation has null value. Operation not possible. class.vm [line 1, column 34]
2014-03-02 10:53:04,502 - Left side ($name.getComment().length()) of '>' operation has null value. Operation not possible. class.vm [line 1, column 34]
2014-03-02 10:53:04,503 - Left side ($name.getComment().length()) of '>' operation has null value. Operation not possible. class.vm [line 1, column 34]
2014-03-02 10:53:04,503 - Left side ($name.getComment().length()) of '>' operation has null value. Operation not possible. class.vm [line 1, column 34]
2014-03-02 10:53:04,503 - Left side ($name.getComment().length()) of '>' operation has null value. Operation not possible. class.vm [line 1, column 34]
2014-03-02 10:53:04,504 - Left side ($name.getComment().length()) of '>' operation has null value. Operation not possible. class.vm [line 1, column 34]
2014-03-02 10:53:04,504 - Left side ($name.getComment().length()) of '>' operation has null value. Operation not possible. class.vm [line 1, column 34]
2014-03-02 10:53:04,505 - Left side ($name.getComment().length()) of '>' operation has null value. Operation not possible. class.vm [line 1, column 34]
2014-03-02 10:53:04,505 - Left side ($name.getComment().length()) of '>' operation has null value. Operation not possible. class.vm [line 1, column 34]
2014-03-02 10:53:04,505 - Left side ($name.getComment().length()) of '>' operation has null value. Operation not possible. class.vm [line 1, column 34]
2014-03-02 10:53:04,506 - Left side ($name.getComment().length()) of '>' operation has null value. Operation not possible. class.vm [line 1, column 34]
2014-03-02 10:53:04,506 - Left side ($name.getComment().length()) of '>' operation has null value. Operation not possible. class.vm [line 1, column 34]
2014-03-02 10:53:04,507 - Left side ($name.getComment().length()) of '>' operation has null value. Operation not possible. class.vm [line 1, column 34]
2014-03-02 10:53:04,508 - Left side ($name.getComment().length()) of '>' operation has null value. Operation not possible. class.vm [line 1, column 34]
2014-03-02 10:53:04,508 - Left side ($name.getComment().length()) of '>' operation has null value. Operation not possible. class.vm [line 1, column 34]
2014-03-02 10:53:04,509 - Left side ($name.getComment().length()) of '>' operation has null value. Operation not possible. class.vm [line 1, column 34]
2014-03-02 10:53:04,509 - Left side ($name.getComment().length()) of '>' operation has null value. Operation not possible. class.vm [line 1, column 34]
2014-03-02 10:53:04,510 - Left side ($name.getComment().length()) of '>' operation has null value. Operation not possible. class.vm [line 1, column 34]
2014-03-02 10:53:04,510 - Left side ($name.getComment().length()) of '>' operation has null value. Operation not possible. class.vm [line 1, column 34]
2014-03-02 10:53:04,511 - Left side ($name.getComment().length()) of '>' operation has null value. Operation not possible. class.vm [line 1, column 34]
2014-03-02 10:53:04,586 - ResourceManager : found get.vm with loader org.apache.velocity.runtime.resource.loader.ClasspathResourceLoader
2014-03-02 10:53:04,591 - Null reference [template 'get.vm', line 235, column 38] : $type cannot be resolved.
2014-03-02 10:53:04,591 - Null reference [template 'get.vm', line 247, column 35] : $type cannot be resolved.
2014-03-02 10:53:04,593 - Null reference [template 'get.vm', line 257, column 38] : $type cannot be resolved.
2014-03-02 10:53:04,593 - Null reference [template 'get.vm', line 267, column 35] : $type cannot be resolved.
2014-03-02 10:53:04,642 - ResourceManager : found add.vm with loader org.apache.velocity.runtime.resource.loader.ClasspathResourceLoader
2014-03-02 10:53:04,660 - ResourceManager : found set.vm with loader org.apache.velocity.runtime.resource.loader.ClasspathResourceLoader
2014-03-02 10:53:04,695 - ResourceManager : found remove.vm with loader org.apache.velocity.runtime.resource.loader.ClasspathResourceLoader
2014-03-02 10:53:04,718 - ResourceManager : found removeall.vm with loader org.apache.velocity.runtime.resource.loader.ClasspathResourceLoader
2014-03-02 10:53:04,872 - ResourceManager : found get.vm with loader org.apache.velocity.runtime.resource.loader.ClasspathResourceLoader
2014-03-02 10:53:04,881 - Null reference [template 'get.vm', line 235, column 38] : $type cannot be resolved.
2014-03-02 10:53:04,882 - Null reference [template 'get.vm', line 247, column 35] : $type cannot be resolved.
2014-03-02 10:53:04,883 - Null reference [template 'get.vm', line 257, column 38] : $type cannot be resolved.
2014-03-02 10:53:04,886 - Null reference [template 'get.vm', line 267, column 35] : $type cannot be resolved.
2014-03-02 10:53:04,957 - ResourceManager : found add.vm with loader org.apache.velocity.runtime.resource.loader.ClasspathResourceLoader
2014-03-02 10:53:04,997 - ResourceManager : found set.vm with loader org.apache.velocity.runtime.resource.loader.ClasspathResourceLoader
2014-03-02 10:53:05,042 - ResourceManager : found remove.vm with loader org.apache.velocity.runtime.resource.loader.ClasspathResourceLoader
2014-03-02 10:53:05,057 - ResourceManager : found removeall.vm with loader org.apache.velocity.runtime.resource.loader.ClasspathResourceLoader
2014-03-02 10:53:05,158 - ResourceManager : found get.vm with loader org.apache.velocity.runtime.resource.loader.ClasspathResourceLoader
2014-03-02 10:53:05,162 - Null reference [template 'get.vm', line 235, column 38] : $type cannot be resolved.
2014-03-02 10:53:05,162 - Null reference [template 'get.vm', line 247, column 35] : $type cannot be resolved.
2014-03-02 10:53:05,163 - Null reference [template 'get.vm', line 257, column 38] : $type cannot be resolved.
2014-03-02 10:53:05,163 - Null reference [template 'get.vm', line 267, column 35] : $type cannot be resolved.
2014-03-02 10:53:05,189 - ResourceManager : found add.vm with loader org.apache.velocity.runtime.resource.loader.ClasspathResourceLoader
2014-03-02 10:53:05,207 - ResourceManager : found set.vm with loader org.apache.velocity.runtime.resource.loader.ClasspathResourceLoader
2014-03-02 10:53:05,246 - ResourceManager : found remove.vm with loader org.apache.velocity.runtime.resource.loader.ClasspathResourceLoader
2014-03-02 10:53:05,255 - ResourceManager : found removeall.vm with loader org.apache.velocity.runtime.resource.loader.ClasspathResourceLoader
2014-03-02 10:53:05,368 - ResourceManager : found get.vm with loader org.apache.velocity.runtime.resource.loader.ClasspathResourceLoader
2014-03-02 10:53:05,373 - Null reference [template 'get.vm', line 235, column 38] : $type cannot be resolved.
2014-03-02 10:53:05,374 - Null reference [template 'get.vm', line 247, column 35] : $type cannot be resolved.
2014-03-02 10:53:05,375 - Null reference [template 'get.vm', line 257, column 38] : $type cannot be resolved.
2014-03-02 10:53:05,375 - Null reference [template 'get.vm', line 267, column 35] : $type cannot be resolved.
2014-03-02 10:53:05,436 - ResourceManager : found add.vm with loader org.apache.velocity.runtime.resource.loader.ClasspathResourceLoader
2014-03-02 10:53:05,469 - ResourceManager : found set.vm with loader org.apache.velocity.runtime.resource.loader.ClasspathResourceLoader
2014-03-02 10:53:05,490 - ResourceManager : found remove.vm with loader org.apache.velocity.runtime.resource.loader.ClasspathResourceLoader
2014-03-02 10:53:05,497 - ResourceManager : found removeall.vm with loader org.apache.velocity.runtime.resource.loader.ClasspathResourceLoader
2014-03-02 10:53:05,572 - ResourceManager : found get.vm with loader org.apache.velocity.runtime.resource.loader.ClasspathResourceLoader
2014-03-02 10:53:05,576 - Null reference [template 'get.vm', line 235, column 38] : $type cannot be resolved.
2014-03-02 10:53:05,576 - Null reference [template 'get.vm', line 247, column 35] : $type cannot be resolved.
2014-03-02 10:53:05,576 - Null reference [template 'get.vm', line 257, column 38] : $type cannot be resolved.
2014-03-02 10:53:05,577 - Null reference [template 'get.vm', line 267, column 35] : $type cannot be resolved.
2014-03-02 10:53:05,588 - ResourceManager : found add.vm with loader org.apache.velocity.runtime.resource.loader.ClasspathResourceLoader
2014-03-02 10:53:05,595 - ResourceManager : found set.vm with loader org.apache.velocity.runtime.resource.loader.ClasspathResourceLoader
2014-03-02 10:53:05,611 - ResourceManager : found remove.vm with loader org.apache.velocity.runtime.resource.loader.ClasspathResourceLoader
2014-03-02 10:53:05,616 - ResourceManager : found removeall.vm with loader org.apache.velocity.runtime.resource.loader.ClasspathResourceLoader
2014-03-02 10:53:05,655 - ResourceManager : found get.vm with loader org.apache.velocity.runtime.resource.loader.ClasspathResourceLoader
2014-03-02 10:53:05,658 - Null reference [template 'get.vm', line 235, column 38] : $type cannot be resolved.
2014-03-02 10:53:05,659 - Null reference [template 'get.vm', line 247, column 35] : $type cannot be resolved.
2014-03-02 10:53:05,659 - Null reference [template 'get.vm', line 257, column 38] : $type cannot be resolved.
2014-03-02 10:53:05,660 - Null reference [template 'get.vm', line 267, column 35] : $type cannot be resolved.
2014-03-02 10:53:05,672 - ResourceManager : found add.vm with loader org.apache.velocity.runtime.resource.loader.ClasspathResourceLoader
2014-03-02 10:53:05,682 - ResourceManager : found set.vm with loader org.apache.velocity.runtime.resource.loader.ClasspathResourceLoader
2014-03-02 10:53:05,697 - ResourceManager : found remove.vm with loader org.apache.velocity.runtime.resource.loader.ClasspathResourceLoader
2014-03-02 10:53:05,705 - ResourceManager : found removeall.vm with loader org.apache.velocity.runtime.resource.loader.ClasspathResourceLoader
2014-03-02 10:53:05,742 - ResourceManager : found get.vm with loader org.apache.velocity.runtime.resource.loader.ClasspathResourceLoader
2014-03-02 10:53:05,745 - Null reference [template 'get.vm', line 235, column 38] : $type cannot be resolved.
2014-03-02 10:53:05,746 - Null reference [template 'get.vm', line 247, column 35] : $type cannot be resolved.
2014-03-02 10:53:05,747 - Null reference [template 'get.vm', line 257, column 38] : $type cannot be resolved.
2014-03-02 10:53:05,751 - Null reference [template 'get.vm', line 267, column 35] : $type cannot be resolved.
2014-03-02 10:53:05,767 - ResourceManager : found add.vm with loader org.apache.velocity.runtime.resource.loader.ClasspathResourceLoader
2014-03-02 10:53:05,775 - ResourceManager : found set.vm with loader org.apache.velocity.runtime.resource.loader.ClasspathResourceLoader
2014-03-02 10:53:06,076 - ResourceManager : found remove.vm with loader org.apache.velocity.runtime.resource.loader.ClasspathResourceLoader
2014-03-02 10:53:06,094 - ResourceManager : found removeall.vm with loader org.apache.velocity.runtime.resource.loader.ClasspathResourceLoader
2014-03-02 10:53:06,211 - ResourceManager : found get.vm with loader org.apache.velocity.runtime.resource.loader.ClasspathResourceLoader
2014-03-02 10:53:06,231 - Null reference [template 'get.vm', line 235, column 38] : $type cannot be resolved.
2014-03-02 10:53:06,233 - Null reference [template 'get.vm', line 247, column 35] : $type cannot be resolved.
2014-03-02 10:53:06,234 - Null reference [template 'get.vm', line 257, column 38] : $type cannot be resolved.
2014-03-02 10:53:06,234 - Null reference [template 'get.vm', line 267, column 35] : $type cannot be resolved.
2014-03-02 10:53:06,286 - ResourceManager : found add.vm with loader org.apache.velocity.runtime.resource.loader.ClasspathResourceLoader
2014-03-02 10:53:06,325 - ResourceManager : found set.vm with loader org.apache.velocity.runtime.resource.loader.ClasspathResourceLoader
2014-03-02 10:53:06,390 - ResourceManager : found remove.vm with loader org.apache.velocity.runtime.resource.loader.ClasspathResourceLoader
2014-03-02 10:53:06,396 - ResourceManager : found removeall.vm with loader org.apache.velocity.runtime.resource.loader.ClasspathResourceLoader
2014-03-02 10:54:12,492 - SimpleLog4JLogSystem initialized using logfile 'velocity.log'
2014-03-02 10:54:12,493 - *******************************************************************
2014-03-02 10:54:12,494 - Starting Apache Velocity v1.5 (compiled: 2007-02-22 08:52:29)
2014-03-02 10:54:12,494 - RuntimeInstance initializing.
2014-03-02 10:54:12,494 - Default Properties File: org/apache/velocity/runtime/defaults/velocity.properties
2014-03-02 10:54:12,494 - Trying to use logger class org.apache.velocity.runtime.log.SimpleLog4JLogSystem
2014-03-02 10:54:12,494 - LogSystem has been deprecated. Please use a LogChute implementation.
2014-03-02 10:54:12,495 - Default ResourceManager initializing. (class org.apache.velocity.runtime.resource.ResourceManagerImpl)
2014-03-02 10:54:12,498 - ResourceLoader instantiated: org.apache.velocity.runtime.resource.loader.ClasspathResourceLoader
2014-03-02 10:54:12,499 - ClasspathResourceLoader : initialization complete.
2014-03-02 10:54:12,513 - ResourceCache: initialized (class org.apache.velocity.runtime.resource.ResourceCacheImpl)
2014-03-02 10:54:12,513 - Default ResourceManager initialization complete.
2014-03-02 10:54:12,515 - Loaded System Directive: org.apache.velocity.runtime.directive.Literal
2014-03-02 10:54:12,517 - Loaded System Directive: org.apache.velocity.runtime.directive.Macro
2014-03-02 10:54:12,518 - Loaded System Directive: org.apache.velocity.runtime.directive.Parse
2014-03-02 10:54:12,520 - Loaded System Directive: org.apache.velocity.runtime.directive.Include
2014-03-02 10:54:12,521 - Loaded System Directive: org.apache.velocity.runtime.directive.Foreach
2014-03-02 10:54:12,547 - Created '20' parsers.
2014-03-02 10:54:12,552 - Velocimacro : initialization starting.
2014-03-02 10:54:12,553 - Velocimacro : "velocimacro.library" is not set.  Trying default library: VM_global_library.vm
2014-03-02 10:54:12,553 - Velocimacro : Default library not found.
2014-03-02 10:54:12,553 - Velocimacro : allowInline = true : VMs can be defined inline in templates
2014-03-02 10:54:12,554 - Velocimacro : allowInlineToOverride = false : VMs defined inline may NOT replace previous VM definitions
2014-03-02 10:54:12,554 - Velocimacro : allowInlineLocal = false : VMs defined inline will be global in scope if allowed.
2014-03-02 10:54:12,554 - Velocimacro : autoload off : VM system will not automatically reload global library macros
2014-03-02 10:54:12,554 - Velocimacro : Velocimacro : initialization complete.
2014-03-02 10:54:12,554 - RuntimeInstance successfully initialized.
2014-03-02 10:54:12,561 - Velocimacro : added #mixedcase(  name ) : source = class.vm
2014-03-02 10:54:12,561 - Velocimacro : added #lowercase(  name ) : source = class.vm
2014-03-02 10:54:12,562 - Velocimacro : added #uppercase(  name ) : source = class.vm
2014-03-02 10:54:12,564 - Velocimacro : added #comment(  indent name ) : source = class.vm
2014-03-02 10:54:12,564 - Velocimacro : added #debug(  text ) : source = class.vm
2014-03-02 10:54:12,614 - ResourceManager : found class.vm with loader org.apache.velocity.runtime.resource.loader.ClasspathResourceLoader
2014-03-02 10:54:12,633 - Left side ($name.getComment().length()) of '>' operation has null value. Operation not possible. class.vm [line 1, column 34]
2014-03-02 10:55:09,729 - SimpleLog4JLogSystem initialized using logfile 'velocity.log'
2014-03-02 10:55:09,730 - *******************************************************************
2014-03-02 10:55:09,731 - Starting Apache Velocity v1.5 (compiled: 2007-02-22 08:52:29)
2014-03-02 10:55:09,731 - RuntimeInstance initializing.
2014-03-02 10:55:09,731 - Default Properties File: org/apache/velocity/runtime/defaults/velocity.properties
2014-03-02 10:55:09,731 - Trying to use logger class org.apache.velocity.runtime.log.SimpleLog4JLogSystem
2014-03-02 10:55:09,731 - LogSystem has been deprecated. Please use a LogChute implementation.
2014-03-02 10:55:09,733 - Default ResourceManager initializing. (class org.apache.velocity.runtime.resource.ResourceManagerImpl)
2014-03-02 10:55:09,735 - ResourceLoader instantiated: org.apache.velocity.runtime.resource.loader.ClasspathResourceLoader
2014-03-02 10:55:09,740 - ClasspathResourceLoader : initialization complete.
2014-03-02 10:55:09,761 - ResourceCache: initialized (class org.apache.velocity.runtime.resource.ResourceCacheImpl)
2014-03-02 10:55:09,761 - Default ResourceManager initialization complete.
2014-03-02 10:55:09,769 - Loaded System Directive: org.apache.velocity.runtime.directive.Literal
2014-03-02 10:55:09,770 - Loaded System Directive: org.apache.velocity.runtime.directive.Macro
2014-03-02 10:55:09,771 - Loaded System Directive: org.apache.velocity.runtime.directive.Parse
2014-03-02 10:55:09,772 - Loaded System Directive: org.apache.velocity.runtime.directive.Include
2014-03-02 10:55:09,773 - Loaded System Directive: org.apache.velocity.runtime.directive.Foreach
2014-03-02 10:55:09,791 - Created '20' parsers.
2014-03-02 10:55:09,796 - Velocimacro : initialization starting.
2014-03-02 10:55:09,796 - Velocimacro : "velocimacro.library" is not set.  Trying default library: VM_global_library.vm
2014-03-02 10:55:09,796 - Velocimacro : Default library not found.
2014-03-02 10:55:09,796 - Velocimacro : allowInline = true : VMs can be defined inline in templates
2014-03-02 10:55:09,796 - Velocimacro : allowInlineToOverride = false : VMs defined inline may NOT replace previous VM definitions
2014-03-02 10:55:09,796 - Velocimacro : allowInlineLocal = false : VMs defined inline will be global in scope if allowed.
2014-03-02 10:55:09,796 - Velocimacro : autoload off : VM system will not automatically reload global library macros
2014-03-02 10:55:09,796 - Velocimacro : Velocimacro : initialization complete.
2014-03-02 10:55:09,797 - RuntimeInstance successfully initialized.
2014-03-02 10:55:09,804 - Velocimacro : added #mixedcase(  name ) : source = class.vm
2014-03-02 10:55:09,804 - Velocimacro : added #lowercase(  name ) : source = class.vm
2014-03-02 10:55:09,804 - Velocimacro : added #uppercase(  name ) : source = class.vm
2014-03-02 10:55:09,807 - Velocimacro : added #comment(  indent name ) : source = class.vm
2014-03-02 10:55:09,807 - Velocimacro : added #debug(  text ) : source = class.vm
2014-03-02 10:55:09,855 - ResourceManager : found class.vm with loader org.apache.velocity.runtime.resource.loader.ClasspathResourceLoader
2014-03-02 10:55:09,872 - Left side ($name.getComment().length()) of '>' operation has null value. Operation not possible. class.vm [line 1, column 34]
2014-03-02 10:57:44,662 - SimpleLog4JLogSystem initialized using logfile 'velocity.log'
2014-03-02 10:57:44,680 - *******************************************************************
2014-03-02 10:57:44,680 - Starting Apache Velocity v1.5 (compiled: 2007-02-22 08:52:29)
2014-03-02 10:57:44,680 - RuntimeInstance initializing.
2014-03-02 10:57:44,680 - Default Properties File: org/apache/velocity/runtime/defaults/velocity.properties
2014-03-02 10:57:44,680 - Trying to use logger class org.apache.velocity.runtime.log.SimpleLog4JLogSystem
2014-03-02 10:57:44,680 - LogSystem has been deprecated. Please use a LogChute implementation.
2014-03-02 10:57:44,682 - Default ResourceManager initializing. (class org.apache.velocity.runtime.resource.ResourceManagerImpl)
2014-03-02 10:57:44,684 - ResourceLoader instantiated: org.apache.velocity.runtime.resource.loader.ClasspathResourceLoader
2014-03-02 10:57:44,685 - ClasspathResourceLoader : initialization complete.
2014-03-02 10:57:44,698 - ResourceCache: initialized (class org.apache.velocity.runtime.resource.ResourceCacheImpl)
2014-03-02 10:57:44,699 - Default ResourceManager initialization complete.
2014-03-02 10:57:44,704 - Loaded System Directive: org.apache.velocity.runtime.directive.Literal
2014-03-02 10:57:44,705 - Loaded System Directive: org.apache.velocity.runtime.directive.Macro
2014-03-02 10:57:44,706 - Loaded System Directive: org.apache.velocity.runtime.directive.Parse
2014-03-02 10:57:44,707 - Loaded System Directive: org.apache.velocity.runtime.directive.Include
2014-03-02 10:57:44,707 - Loaded System Directive: org.apache.velocity.runtime.directive.Foreach
2014-03-02 10:57:44,724 - Created '20' parsers.
2014-03-02 10:57:44,728 - Velocimacro : initialization starting.
2014-03-02 10:57:44,728 - Velocimacro : "velocimacro.library" is not set.  Trying default library: VM_global_library.vm
2014-03-02 10:57:44,729 - Velocimacro : Default library not found.
2014-03-02 10:57:44,729 - Velocimacro : allowInline = true : VMs can be defined inline in templates
2014-03-02 10:57:44,729 - Velocimacro : allowInlineToOverride = false : VMs defined inline may NOT replace previous VM definitions
2014-03-02 10:57:44,729 - Velocimacro : allowInlineLocal = false : VMs defined inline will be global in scope if allowed.
2014-03-02 10:57:44,729 - Velocimacro : autoload off : VM system will not automatically reload global library macros
2014-03-02 10:57:44,729 - Velocimacro : Velocimacro : initialization complete.
2014-03-02 10:57:44,729 - RuntimeInstance successfully initialized.
2014-03-02 10:57:44,736 - Velocimacro : added #mixedcase(  name ) : source = class.vm
2014-03-02 10:57:44,736 - Velocimacro : added #lowercase(  name ) : source = class.vm
2014-03-02 10:57:44,737 - Velocimacro : added #uppercase(  name ) : source = class.vm
2014-03-02 10:57:44,739 - Velocimacro : added #comment(  indent name ) : source = class.vm
2014-03-02 10:57:44,739 - Velocimacro : added #debug(  text ) : source = class.vm
2014-03-02 10:57:44,795 - ResourceManager : found class.vm with loader org.apache.velocity.runtime.resource.loader.ClasspathResourceLoader
2014-03-02 10:57:44,813 - Left side ($name.getComment().length()) of '>' operation has null value. Operation not possible. class.vm [line 1, column 34]
